# JRE version: OpenJDK Runtime Environment Temurin-17.0.8.1+1 (17.0.8.1+1) (build 17.0.8.1+1)
# Java VM: OpenJDK 64-Bit Server VM Temurin-17.0.8.1+1 (17.0.8.1+1, mixed mode, tiered, compressed oops, compressed class ptrs, g1 gc, windows-amd64)
GC Precious Log:
 CPUs: 6 total, 6 available
 Memory: 7091M
 Large Page Support: Disabled
 NUMA Support: Disabled
 Compressed Oops: Enabled (32-bit)
 Heap Region Size: 1M
 Heap Min Capacity: 8M
 Heap Initial Capacity: 112M
 Heap Max Capacity: 1774M
 Pre-touch: Disabled
 Parallel Workers: 6
 Concurrent Workers: 2
 Concurrent Refinement Workers: 6
 Periodic GC: Disabled
Heap:
 garbage-first heap   total 254976K, used 157399K [0x0000000091200000, 0x0000000100000000)
  region size 1024K, 118 young (120832K), 3 survivors (3072K)
 Metaspace       used 32813K, committed 33408K, reserved 1114112K
  class space    used 3440K, committed 3712K, reserved 1048576K
GC Heap History (20 events):
Event: 60.572 GC heap before
{Heap before GC invocations=200 (full 0):
 garbage-first heap   total 254976K, used 190748K [0x0000000091200000, 0x0000000100000000)
  region size 1024K, 149 young (152576K), 2 survivors (2048K)
 Metaspace       used 32611K, committed 33216K, reserved 1114112K
  class space    used 3420K, committed 3648K, reserved 1048576K
}
Event: 60.574 GC heap after
{Heap after GC invocations=201 (full 0):
 garbage-first heap   total 254976K, used 41312K [0x0000000091200000, 0x0000000100000000)
  region size 1024K, 4 young (4096K), 4 survivors (4096K)
 Metaspace       used 32611K, committed 33216K, reserved 1114112K
  class space    used 3420K, committed 3648K, reserved 1048576K
}
Event: 60.754 GC heap before
{Heap before GC invocations=201 (full 0):
 garbage-first heap   total 254976K, used 190816K [0x0000000091200000, 0x0000000100000000)
  region size 1024K, 149 young (152576K), 4 survivors (4096K)
 Metaspace       used 32622K, committed 33216K, reserved 1114112K
  class space    used 3420K, committed 3648K, reserved 1048576K
}
Event: 60.756 GC heap after
{Heap after GC invocations=202 (full 0):
 garbage-first heap   total 254976K, used 41284K [0x0000000091200000, 0x0000000100000000)
  region size 1024K, 4 young (4096K), 4 survivors (4096K)
 Metaspace       used 32622K, committed 33216K, reserved 1114112K
  class space    used 3420K, committed 3648K, reserved 1048576K
}
Event: 60.952 GC heap before
{Heap before GC invocations=202 (full 0):
 garbage-first heap   total 254976K, used 190788K [0x0000000091200000, 0x0000000100000000)
  region size 1024K, 149 young (152576K), 4 survivors (4096K)
 Metaspace       used 32622K, committed 33216K, reserved 1114112K
  class space    used 3420K, committed 3648K, reserved 1048576K
}
Event: 60.955 GC heap after
{Heap after GC invocations=203 (full 0):
 garbage-first heap   total 254976K, used 41468K [0x0000000091200000, 0x0000000100000000)
  region size 1024K, 4 young (4096K), 4 survivors (4096K)
 Metaspace       used 32622K, committed 33216K, reserved 1114112K
  class space    used 3420K, committed 3648K, reserved 1048576K
}
Event: 61.202 GC heap before
{Heap before GC invocations=203 (full 0):
 garbage-first heap   total 254976K, used 191996K [0x0000000091200000, 0x0000000100000000)
  region size 1024K, 149 young (152576K), 4 survivors (4096K)
 Metaspace       used 32623K, committed 33216K, reserved 1114112K
  class space    used 3420K, committed 3648K, reserved 1048576K
}
Event: 61.206 GC heap after
{Heap after GC invocations=204 (full 0):
 garbage-first heap   total 254976K, used 44146K [0x0000000091200000, 0x0000000100000000)
  region size 1024K, 6 young (6144K), 6 survivors (6144K)
 Metaspace       used 32623K, committed 33216K, reserved 1114112K
  class space    used 3420K, committed 3648K, reserved 1048576K
}
Event: 61.404 GC heap before
{Heap before GC invocations=204 (full 0):
 garbage-first heap   total 254976K, used 191602K [0x0000000091200000, 0x0000000100000000)
  region size 1024K, 149 young (152576K), 6 survivors (6144K)
 Metaspace       used 32624K, committed 33216K, reserved 1114112K
  class space    used 3420K, committed 3648K, reserved 1048576K
}
Event: 61.407 GC heap after
{Heap after GC invocations=205 (full 0):
 garbage-first heap   total 254976K, used 41695K [0x0000000091200000, 0x0000000100000000)
  region size 1024K, 4 young (4096K), 4 survivors (4096K)
 Metaspace       used 32624K, committed 33216K, reserved 1114112K
  class space    used 3420K, committed 3648K, reserved 1048576K
}
Event: 61.590 GC heap before
{Heap before GC invocations=205 (full 0):
 garbage-first heap   total 254976K, used 191199K [0x0000000091200000, 0x0000000100000000)
  region size 1024K, 149 young (152576K), 4 survivors (4096K)
 Metaspace       used 32624K, committed 33216K, reserved 1114112K
  class space    used 3420K, committed 3648K, reserved 1048576K
}
Event: 61.593 GC heap after
{Heap after GC invocations=206 (full 0):
 garbage-first heap   total 254976K, used 41577K [0x0000000091200000, 0x0000000100000000)
  region size 1024K, 4 young (4096K), 4 survivors (4096K)
 Metaspace       used 32624K, committed 33216K, reserved 1114112K
  class space    used 3420K, committed 3648K, reserved 1048576K
}
Event: 61.817 GC heap before
{Heap before GC invocations=206 (full 0):
 garbage-first heap   total 254976K, used 192105K [0x0000000091200000, 0x0000000100000000)
  region size 1024K, 149 young (152576K), 4 survivors (4096K)
 Metaspace       used 32627K, committed 33216K, reserved 1114112K
  class space    used 3420K, committed 3648K, reserved 1048576K
}
Event: 61.820 GC heap after
{Heap after GC invocations=207 (full 0):
 garbage-first heap   total 254976K, used 42055K [0x0000000091200000, 0x0000000100000000)
  region size 1024K, 4 young (4096K), 4 survivors (4096K)
 Metaspace       used 32627K, committed 33216K, reserved 1114112K
  class space    used 3420K, committed 3648K, reserved 1048576K
}
Event: 62.035 GC heap before
{Heap before GC invocations=207 (full 0):
 garbage-first heap   total 254976K, used 191559K [0x0000000091200000, 0x0000000100000000)
  region size 1024K, 149 young (152576K), 4 survivors (4096K)
 Metaspace       used 32629K, committed 33216K, reserved 1114112K
  class space    used 3420K, committed 3648K, reserved 1048576K
}
Event: 62.037 GC heap after
{Heap after GC invocations=208 (full 0):
 garbage-first heap   total 254976K, used 41790K [0x0000000091200000, 0x0000000100000000)
  region size 1024K, 4 young (4096K), 4 survivors (4096K)
 Metaspace       used 32629K, committed 33216K, reserved 1114112K
  class space    used 3420K, committed 3648K, reserved 1048576K
}
Event: 62.199 GC heap before
{Heap before GC invocations=208 (full 0):
 garbage-first heap   total 254976K, used 191294K [0x0000000091200000, 0x0000000100000000)
  region size 1024K, 149 young (152576K), 4 survivors (4096K)
 Metaspace       used 32629K, committed 33216K, reserved 1114112K
  class space    used 3420K, committed 3648K, reserved 1048576K
}
Event: 62.203 GC heap after
{Heap after GC invocations=209 (full 0):
 garbage-first heap   total 254976K, used 41767K [0x0000000091200000, 0x0000000100000000)
  region size 1024K, 4 young (4096K), 4 survivors (4096K)
 Metaspace       used 32629K, committed 33216K, reserved 1114112K
  class space    used 3420K, committed 3648K, reserved 1048576K
}
Event: 62.416 GC heap before
{Heap before GC invocations=209 (full 0):
 garbage-first heap   total 254976K, used 192295K [0x0000000091200000, 0x0000000100000000)
  region size 1024K, 149 young (152576K), 4 survivors (4096K)
 Metaspace       used 32629K, committed 33216K, reserved 1114112K
  class space    used 3420K, committed 3648K, reserved 1048576K
}
Event: 62.418 GC heap after
{Heap after GC invocations=210 (full 0):
 garbage-first heap   total 254976K, used 40663K [0x0000000091200000, 0x0000000100000000)
  region size 1024K, 3 young (3072K), 3 survivors (3072K)
 Metaspace       used 32629K, committed 33216K, reserved 1114112K
  class space    used 3420K, committed 3648K, reserved 1048576K
}

