# JRE version: OpenJDK Runtime Environment Temurin-17.0.8.1+1 (17.0.8.1+1) (build 17.0.8.1+1)
# Java VM: OpenJDK 64-Bit Server VM Temurin-17.0.8.1+1 (17.0.8.1+1, mixed mode, tiered, compressed oops, compressed class ptrs, g1 gc, windows-amd64)
GC Precious Log:
 CPUs: 6 total, 6 available
 Memory: 7091M
 Large Page Support: Disabled
 NUMA Support: Disabled
 Compressed Oops: Enabled (32-bit)
 Heap Region Size: 1M
 Heap Min Capacity: 8M
 Heap Initial Capacity: 112M
 Heap Max Capacity: 1774M
 Pre-touch: Disabled
 Parallel Workers: 6
 Concurrent Workers: 2
 Concurrent Refinement Workers: 6
 Periodic GC: Disabled
Heap:
 garbage-first heap   total 221184K, used 80983K [0x0000000091200000, 0x0000000100000000)
  region size 1024K, 36 young (36864K), 4 survivors (4096K)
 Metaspace       used 32778K, committed 33408K, reserved 1114112K
  class space    used 3439K, committed 3712K, reserved 1048576K
GC Heap History (20 events):
Event: 61.885 GC heap before
{Heap before GC invocations=219 (full 0):
 garbage-first heap   total 221184K, used 177861K [0x0000000091200000, 0x0000000100000000)
  region size 1024K, 129 young (132096K), 4 survivors (4096K)
 Metaspace       used 32588K, committed 33152K, reserved 1114112K
  class space    used 3419K, committed 3648K, reserved 1048576K
}
Event: 61.888 GC heap after
{Heap after GC invocations=220 (full 0):
 garbage-first heap   total 221184K, used 48767K [0x0000000091200000, 0x0000000100000000)
  region size 1024K, 4 young (4096K), 4 survivors (4096K)
 Metaspace       used 32588K, committed 33152K, reserved 1114112K
  class space    used 3419K, committed 3648K, reserved 1048576K
}
Event: 62.092 GC heap before
{Heap before GC invocations=220 (full 0):
 garbage-first heap   total 221184K, used 177791K [0x0000000091200000, 0x0000000100000000)
  region size 1024K, 129 young (132096K), 4 survivors (4096K)
 Metaspace       used 32591K, committed 33152K, reserved 1114112K
  class space    used 3419K, committed 3648K, reserved 1048576K
}
Event: 62.094 GC heap after
{Heap after GC invocations=221 (full 0):
 garbage-first heap   total 221184K, used 48810K [0x0000000091200000, 0x0000000100000000)
  region size 1024K, 4 young (4096K), 4 survivors (4096K)
 Metaspace       used 32591K, committed 33152K, reserved 1114112K
  class space    used 3419K, committed 3648K, reserved 1048576K
}
Event: 62.276 GC heap before
{Heap before GC invocations=221 (full 0):
 garbage-first heap   total 221184K, used 177834K [0x0000000091200000, 0x0000000100000000)
  region size 1024K, 129 young (132096K), 4 survivors (4096K)
 Metaspace       used 32591K, committed 33152K, reserved 1114112K
  class space    used 3419K, committed 3648K, reserved 1048576K
}
Event: 62.279 GC heap after
{Heap after GC invocations=222 (full 0):
 garbage-first heap   total 221184K, used 48851K [0x0000000091200000, 0x0000000100000000)
  region size 1024K, 4 young (4096K), 4 survivors (4096K)
 Metaspace       used 32591K, committed 33152K, reserved 1114112K
  class space    used 3419K, committed 3648K, reserved 1048576K
}
Event: 62.466 GC heap before
{Heap before GC invocations=222 (full 0):
 garbage-first heap   total 221184K, used 177875K [0x0000000091200000, 0x0000000100000000)
  region size 1024K, 129 young (132096K), 4 survivors (4096K)
 Metaspace       used 32592K, committed 33152K, reserved 1114112K
  class space    used 3419K, committed 3648K, reserved 1048576K
}
Event: 62.469 GC heap after
{Heap after GC invocations=223 (full 0):
 garbage-first heap   total 221184K, used 48997K [0x0000000091200000, 0x0000000100000000)
  region size 1024K, 4 young (4096K), 4 survivors (4096K)
 Metaspace       used 32592K, committed 33152K, reserved 1114112K
  class space    used 3419K, committed 3648K, reserved 1048576K
}
Event: 62.668 GC heap before
{Heap before GC invocations=223 (full 0):
 garbage-first heap   total 221184K, used 178021K [0x0000000091200000, 0x0000000100000000)
  region size 1024K, 129 young (132096K), 4 survivors (4096K)
 Metaspace       used 32593K, committed 33152K, reserved 1114112K
  class space    used 3419K, committed 3648K, reserved 1048576K
}
Event: 62.671 GC heap after
{Heap after GC invocations=224 (full 0):
 garbage-first heap   total 221184K, used 49038K [0x0000000091200000, 0x0000000100000000)
  region size 1024K, 4 young (4096K), 4 survivors (4096K)
 Metaspace       used 32593K, committed 33152K, reserved 1114112K
  class space    used 3419K, committed 3648K, reserved 1048576K
}
Event: 62.862 GC heap before
{Heap before GC invocations=224 (full 0):
 garbage-first heap   total 221184K, used 178062K [0x0000000091200000, 0x0000000100000000)
  region size 1024K, 129 young (132096K), 4 survivors (4096K)
 Metaspace       used 32593K, committed 33152K, reserved 1114112K
  class space    used 3419K, committed 3648K, reserved 1048576K
}
Event: 62.865 GC heap after
{Heap after GC invocations=225 (full 0):
 garbage-first heap   total 221184K, used 49078K [0x0000000091200000, 0x0000000100000000)
  region size 1024K, 4 young (4096K), 4 survivors (4096K)
 Metaspace       used 32593K, committed 33152K, reserved 1114112K
  class space    used 3419K, committed 3648K, reserved 1048576K
}
Event: 63.059 GC heap before
{Heap before GC invocations=225 (full 0):
 garbage-first heap   total 221184K, used 178102K [0x0000000091200000, 0x0000000100000000)
  region size 1024K, 129 young (132096K), 4 survivors (4096K)
 Metaspace       used 32596K, committed 33152K, reserved 1114112K
  class space    used 3419K, committed 3648K, reserved 1048576K
}
Event: 63.062 GC heap after
{Heap after GC invocations=226 (full 0):
 garbage-first heap   total 221184K, used 49011K [0x0000000091200000, 0x0000000100000000)
  region size 1024K, 4 young (4096K), 4 survivors (4096K)
 Metaspace       used 32596K, committed 33152K, reserved 1114112K
  class space    used 3419K, committed 3648K, reserved 1048576K
}
Event: 63.253 GC heap before
{Heap before GC invocations=226 (full 0):
 garbage-first heap   total 221184K, used 178035K [0x0000000091200000, 0x0000000100000000)
  region size 1024K, 129 young (132096K), 4 survivors (4096K)
 Metaspace       used 32596K, committed 33152K, reserved 1114112K
  class space    used 3419K, committed 3648K, reserved 1048576K
}
Event: 63.255 GC heap after
{Heap after GC invocations=227 (full 0):
 garbage-first heap   total 221184K, used 49267K [0x0000000091200000, 0x0000000100000000)
  region size 1024K, 4 young (4096K), 4 survivors (4096K)
 Metaspace       used 32596K, committed 33152K, reserved 1114112K
  class space    used 3419K, committed 3648K, reserved 1048576K
}
Event: 63.440 GC heap before
{Heap before GC invocations=227 (full 0):
 garbage-first heap   total 221184K, used 178291K [0x0000000091200000, 0x0000000100000000)
  region size 1024K, 129 young (132096K), 4 survivors (4096K)
 Metaspace       used 32597K, committed 33152K, reserved 1114112K
  class space    used 3419K, committed 3648K, reserved 1048576K
}
Event: 63.443 GC heap after
{Heap after GC invocations=228 (full 0):
 garbage-first heap   total 221184K, used 49202K [0x0000000091200000, 0x0000000100000000)
  region size 1024K, 4 young (4096K), 4 survivors (4096K)
 Metaspace       used 32597K, committed 33152K, reserved 1114112K
  class space    used 3419K, committed 3648K, reserved 1048576K
}
Event: 63.623 GC heap before
{Heap before GC invocations=228 (full 0):
 garbage-first heap   total 221184K, used 178226K [0x0000000091200000, 0x0000000100000000)
  region size 1024K, 129 young (132096K), 4 survivors (4096K)
 Metaspace       used 32598K, committed 33152K, reserved 1114112K
  class space    used 3419K, committed 3648K, reserved 1048576K
}
Event: 63.625 GC heap after
{Heap after GC invocations=229 (full 0):
 garbage-first heap   total 221184K, used 49239K [0x0000000091200000, 0x0000000100000000)
  region size 1024K, 4 young (4096K), 4 survivors (4096K)
 Metaspace       used 32598K, committed 33152K, reserved 1114112K
  class space    used 3419K, committed 3648K, reserved 1048576K
}

